<?xml version="1.0" encoding="UTF-8"?>
<robot generator="Robot 7.2.2 (Python 3.11.4 on win32)" generated="2025-03-02T13:53:34.817890" rpa="false" schemaversion="5">
<suite id="s1" name="Test" source="C:\Users\supadhyaya\PycharmProjects\ROBOTFRAMEWORK\ROBOTFILES\test.robot">
<test id="s1-t1" name="TEST" line="6">
<kw name="Log" owner="BuiltIn">
<msg time="2025-03-02T13:53:34.846634" level="INFO">This is my test case</msg>
<arg>This is my test case</arg>
<doc>Logs the given message with the given level.</doc>
<status status="PASS" start="2025-03-02T13:53:34.846634" elapsed="0.000000"/>
</kw>
<kw name="Count Items In Directory" owner="OperatingSystem">
<msg time="2025-03-02T13:53:34.846634" level="INFO" html="true">Listing contents of directory '&lt;a href="file://C:\Temp"&gt;C:\Temp&lt;/a&gt;'.</msg>
<msg time="2025-03-02T13:53:34.846634" level="INFO">28 items.</msg>
<arg>C:\\Temp</arg>
<doc>Returns and logs the number of all items in the given directory.</doc>
<status status="PASS" start="2025-03-02T13:53:34.846634" elapsed="0.000000"/>
</kw>
<status status="PASS" start="2025-03-02T13:53:34.846634" elapsed="0.000000"/>
</test>
<status status="PASS" start="2025-03-02T13:53:34.818899" elapsed="0.027735"/>
</suite>
<statistics>
<total>
<stat pass="1" fail="0" skip="0">All Tests</stat>
</total>
<tag>
</tag>
<suite>
<stat name="Test" id="s1" pass="1" fail="0" skip="0">Test</stat>
</suite>
</statistics>
<errors>
</errors>
</robot>
